2019-01-13 22:56:45,681  INFO by.epam.javatraining.ValeriiaAmialchenia.maintask01.controller.MainTask:by.epam.javatraining.ValeriiaAmialchenia.maintask01.controller.MainTask.main(MainTask.java:34) = Generated Array: 
[631, 592, 878, 114, 417]
2019-01-13 22:56:45,696  INFO by.epam.javatraining.ValeriiaAmialchenia.maintask01.controller.MainTask:by.epam.javatraining.ValeriiaAmialchenia.maintask01.controller.MainTask.main(MainTask.java:38) = Maximum element of array: 878
2019-01-13 22:56:45,696  INFO by.epam.javatraining.ValeriiaAmialchenia.maintask01.controller.MainTask:by.epam.javatraining.ValeriiaAmialchenia.maintask01.controller.MainTask.main(MainTask.java:39) = Minimum element of array: 114
2019-01-13 22:56:45,712  INFO by.epam.javatraining.ValeriiaAmialchenia.maintask01.controller.MainTask:by.epam.javatraining.ValeriiaAmialchenia.maintask01.controller.MainTask.main(MainTask.java:44) = ArithmeticalAverage: 526.4
2019-01-13 22:56:45,712  INFO by.epam.javatraining.ValeriiaAmialchenia.maintask01.controller.MainTask:by.epam.javatraining.ValeriiaAmialchenia.maintask01.controller.MainTask.main(MainTask.java:45) = GeometricAverage: 435.08819264444423
2019-01-13 22:56:45,712  INFO by.epam.javatraining.ValeriiaAmialchenia.maintask01.controller.MainTask:by.epam.javatraining.ValeriiaAmialchenia.maintask01.controller.MainTask.main(MainTask.java:50) = Sequence of numbers is increasing: false
2019-01-13 22:56:45,712  INFO by.epam.javatraining.ValeriiaAmialchenia.maintask01.controller.MainTask:by.epam.javatraining.ValeriiaAmialchenia.maintask01.controller.MainTask.main(MainTask.java:51) = Sequence of numbers is decreasing: false
2019-01-13 22:56:45,712  INFO by.epam.javatraining.ValeriiaAmialchenia.maintask01.controller.MainTask:by.epam.javatraining.ValeriiaAmialchenia.maintask01.controller.MainTask.main(MainTask.java:58) = The index of first local minimum is 1
2019-01-13 22:56:45,712  INFO by.epam.javatraining.ValeriiaAmialchenia.maintask01.controller.MainTask:by.epam.javatraining.ValeriiaAmialchenia.maintask01.controller.MainTask.main(MainTask.java:59) = The index of first local maximum is 2
2019-01-13 22:56:45,712  INFO by.epam.javatraining.ValeriiaAmialchenia.maintask01.controller.MainTask:by.epam.javatraining.ValeriiaAmialchenia.maintask01.controller.MainTask.main(MainTask.java:66) = Reversed array: [417, 114, 878, 592, 631]
2019-01-13 22:56:45,712  INFO by.epam.javatraining.ValeriiaAmialchenia.maintask01.controller.MainTask:by.epam.javatraining.ValeriiaAmialchenia.maintask01.controller.MainTask.main(MainTask.java:67) = Initial: [631, 592, 878, 114, 417]
2019-01-13 22:56:45,712  INFO by.epam.javatraining.ValeriiaAmialchenia.maintask01.controller.MainTask:by.epam.javatraining.ValeriiaAmialchenia.maintask01.controller.MainTask.main(MainTask.java:74) = Element is NOT found
2019-01-13 22:56:45,712  INFO by.epam.javatraining.ValeriiaAmialchenia.maintask01.controller.MainTask:by.epam.javatraining.ValeriiaAmialchenia.maintask01.controller.MainTask.main(MainTask.java:81) = Element is NOT found
2019-01-13 22:56:45,712  INFO by.epam.javatraining.ValeriiaAmialchenia.maintask01.controller.MainTask:by.epam.javatraining.ValeriiaAmialchenia.maintask01.controller.MainTask.main(MainTask.java:86) = Sorted array by Bubble Sort: [114, 417, 592, 631, 878]
2019-01-13 22:56:45,712  INFO by.epam.javatraining.ValeriiaAmialchenia.maintask01.controller.MainTask:by.epam.javatraining.ValeriiaAmialchenia.maintask01.controller.MainTask.main(MainTask.java:88) = Sorted array by Shaker Sort: [114, 417, 592, 631, 878]
2019-01-13 22:56:45,712  INFO by.epam.javatraining.ValeriiaAmialchenia.maintask01.controller.MainTask:by.epam.javatraining.ValeriiaAmialchenia.maintask01.controller.MainTask.main(MainTask.java:90) = Sorted array by Insertion Sort: [114, 417, 592, 631, 878]
2019-01-13 22:56:45,727  INFO by.epam.javatraining.ValeriiaAmialchenia.maintask01.controller.MainTask:by.epam.javatraining.ValeriiaAmialchenia.maintask01.controller.MainTask.main(MainTask.java:92) = Sorted array by Insertion Sort: [114, 417, 592, 631, 878]
2019-01-13 22:56:45,727  INFO by.epam.javatraining.ValeriiaAmialchenia.maintask01.controller.MainTask:by.epam.javatraining.ValeriiaAmialchenia.maintask01.controller.MainTask.main(MainTask.java:94) = Sorted array by Merge Sort: [114, 417, 592, 631, 878]
2019-01-13 22:56:45,727  INFO by.epam.javatraining.ValeriiaAmialchenia.maintask01.controller.MainTask:by.epam.javatraining.ValeriiaAmialchenia.maintask01.controller.MainTask.main(MainTask.java:96) = Sorted array by Quick Sort: [114, 417, 592, 631, 878]
